c:\users\melni\documents\visual studio 2015\projects\dropper\dropper\debug\dropper.pch
c:\users\melni\documents\visual studio 2015\projects\dropper\dropper\debug\vc140.pdb
c:\users\melni\documents\visual studio 2015\projects\dropper\dropper\debug\vc140.idb
c:\users\melni\documents\visual studio 2015\projects\dropper\dropper\debug\stdafx.obj
c:\users\melni\documents\visual studio 2015\projects\dropper\dropper\debug\dropper.obj
c:\users\melni\documents\visual studio 2015\projects\dropper\dropper\debug\connection.obj
c:\users\melni\documents\visual studio 2015\projects\dropper\dropper\debug\utils.obj
c:\users\melni\documents\visual studio 2015\projects\dropper\debug\dropper.ilk
c:\users\melni\documents\visual studio 2015\projects\dropper\debug\dropper.exe
c:\users\melni\documents\visual studio 2015\projects\dropper\debug\dropper.pdb
c:\users\melni\documents\visual studio 2015\projects\dropper\dropper\debug\dropper.res
c:\users\melni\desktop\spyke\dropper\dropper\debug\connection.obj
c:\users\melni\desktop\spyke\dropper\dropper\debug\dropper.obj
c:\users\melni\desktop\spyke\dropper\dropper\debug\stdafx.obj
c:\users\melni\desktop\spyke\dropper\dropper\debug\utils.obj
c:\users\melni\desktop\spyke\dropper\dropper\debug\dropper.obj.enc
c:\users\melni\desktop\spyke\dropper\dropper\debug\dropper.res
c:\users\melni\desktop\spyke\dropper\dropper\debug\dropper.pch
c:\users\melni\desktop\spyke\dropper\dropper\debug\vc140.idb
c:\users\melni\desktop\spyke\dropper\dropper\debug\vc140.pdb
c:\users\melni\desktop\spyke\dropper\debug\dropper.pdb
c:\users\melni\desktop\spyke\dropper\debug\dropper.exe
c:\users\melni\desktop\spyke\dropper\debug\dropper.ilk
c:\users\melni\desktop\spyke\dropper\dropper\debug\dropper.tlog\cl.command.1.tlog
c:\users\melni\desktop\spyke\dropper\dropper\debug\dropper.tlog\cl.read.1.tlog
c:\users\melni\desktop\spyke\dropper\dropper\debug\dropper.tlog\cl.write.1.tlog
c:\users\melni\desktop\spyke\dropper\dropper\debug\dropper.tlog\link.command.1.tlog
c:\users\melni\desktop\spyke\dropper\dropper\debug\dropper.tlog\link.read.1.tlog
c:\users\melni\desktop\spyke\dropper\dropper\debug\dropper.tlog\link.write.1.tlog
c:\users\melni\desktop\spyke\dropper\dropper\debug\dropper.tlog\rc.command.1.tlog
c:\users\melni\desktop\spyke\dropper\dropper\debug\dropper.tlog\rc.read.1.tlog
c:\users\melni\desktop\spyke\dropper\dropper\debug\dropper.tlog\rc.write.1.tlog
