c:\users\melni\desktop\spyke\dropper\dropper\release\dropper.pch
c:\users\melni\desktop\spyke\dropper\dropper\release\vc140.pdb
c:\users\melni\desktop\spyke\dropper\dropper\release\stdafx.obj
c:\users\melni\desktop\spyke\dropper\dropper\release\utils.obj
c:\users\melni\desktop\spyke\dropper\dropper\release\dropper.obj
c:\users\melni\desktop\spyke\dropper\dropper\release\connection.obj
c:\users\melni\desktop\spyke\dropper\dropper\release\base64.obj
c:\users\melni\desktop\spyke\dropper\dropper\release\dropper.res
c:\users\melni\desktop\spyke\dropper\release\dropper.pdb
c:\users\melni\desktop\spyke\dropper\dropper\release\dropper.tlog\cl.command.1.tlog
c:\users\melni\desktop\spyke\dropper\dropper\release\dropper.tlog\cl.read.1.tlog
c:\users\melni\desktop\spyke\dropper\dropper\release\dropper.tlog\cl.write.1.tlog
c:\users\melni\desktop\spyke\dropper\dropper\release\dropper.tlog\link-cvtres.read.1.tlog
c:\users\melni\desktop\spyke\dropper\dropper\release\dropper.tlog\link-cvtres.write.1.tlog
c:\users\melni\desktop\spyke\dropper\dropper\release\dropper.tlog\link-rc.read.1.tlog
c:\users\melni\desktop\spyke\dropper\dropper\release\dropper.tlog\link-rc.write.1.tlog
c:\users\melni\desktop\spyke\dropper\dropper\release\dropper.tlog\link.command.1.tlog
c:\users\melni\desktop\spyke\dropper\dropper\release\dropper.tlog\link.read.1.tlog
c:\users\melni\desktop\spyke\dropper\dropper\release\dropper.tlog\link.write.1.tlog
c:\users\melni\desktop\spyke\dropper\dropper\release\dropper.tlog\rc.command.1.tlog
c:\users\melni\desktop\spyke\dropper\dropper\release\dropper.tlog\rc.read.1.tlog
c:\users\melni\desktop\spyke\dropper\dropper\release\dropper.tlog\rc.write.1.tlog
