c:\users\melni\documents\visual studio 2015\projects\botnetwin32\botnetwin32\debug\botnetwin32.pch
c:\users\melni\documents\visual studio 2015\projects\botnetwin32\botnetwin32\debug\vc140.pdb
c:\users\melni\documents\visual studio 2015\projects\botnetwin32\botnetwin32\debug\vc140.idb
c:\users\melni\documents\visual studio 2015\projects\botnetwin32\botnetwin32\debug\stdafx.obj
c:\users\melni\documents\visual studio 2015\projects\botnetwin32\botnetwin32\debug\botnetwin32.obj
c:\users\melni\documents\visual studio 2015\projects\botnetwin32\botnetwin32\debug\connection.obj
c:\users\melni\documents\visual studio 2015\projects\botnetwin32\botnetwin32\debug\utils.obj
c:\users\melni\desktop\spyke\botnetwin32\botnetwin32\debug\vc140.pdb
c:\users\melni\documents\visual studio 2015\projects\botnetwin32\debug\botnetwin32.ilk
c:\users\melni\documents\visual studio 2015\projects\botnetwin32\debug\botnetwin32.exe
c:\users\melni\documents\visual studio 2015\projects\botnetwin32\debug\botnetwin32.pdb
c:\users\melni\documents\visual studio 2015\projects\botnetwin32\botnetwin32\debug\botnetwin32.res
c:\users\melni\desktop\spyke\botnetwin32\botnetwin32\debug\botnet.obj
c:\users\melni\desktop\spyke\botnetwin32\botnetwin32\debug\botnetwin32.obj
c:\users\melni\desktop\spyke\botnetwin32\botnetwin32\debug\connection.obj
c:\users\melni\desktop\spyke\botnetwin32\botnetwin32\debug\stdafx.obj
c:\users\melni\desktop\spyke\botnetwin32\botnetwin32\debug\utils.obj
c:\users\melni\desktop\spyke\botnetwin32\botnetwin32\debug\botnetwin32.res
c:\users\melni\desktop\spyke\botnetwin32\botnetwin32\debug\vc140.idb
c:\users\melni\desktop\spyke\botnetwin32\debug\botnetwin32.pdb
c:\users\melni\desktop\spyke\botnetwin32\debug\botnetwin32.exe
c:\users\melni\desktop\spyke\botnetwin32\debug\botnetwin32.ilk
c:\users\melni\desktop\spyke\botnetwin32\botnetwin32\debug\botnetwin32.tlog\cl.command.1.tlog
c:\users\melni\desktop\spyke\botnetwin32\botnetwin32\debug\botnetwin32.tlog\cl.read.1.tlog
c:\users\melni\desktop\spyke\botnetwin32\botnetwin32\debug\botnetwin32.tlog\cl.write.1.tlog
c:\users\melni\desktop\spyke\botnetwin32\botnetwin32\debug\botnetwin32.tlog\link.command.1.tlog
c:\users\melni\desktop\spyke\botnetwin32\botnetwin32\debug\botnetwin32.tlog\link.read.1.tlog
c:\users\melni\desktop\spyke\botnetwin32\botnetwin32\debug\botnetwin32.tlog\link.write.1.tlog
c:\users\melni\desktop\spyke\botnetwin32\botnetwin32\debug\botnetwin32.tlog\rc.command.1.tlog
c:\users\melni\desktop\spyke\botnetwin32\botnetwin32\debug\botnetwin32.tlog\rc.read.1.tlog
c:\users\melni\desktop\spyke\botnetwin32\botnetwin32\debug\botnetwin32.tlog\rc.write.1.tlog
