base64.obj : warning LNK4075: не учитывается "/EDITANDCONTINUE" из-за спецификации "/OPT:LBR"
LINK : warning LNK4098: библиотека по умолчанию "LIBCMTD" противоречит использованию других библиотек; используйте параметр /NODEFAULTLIB:library
libboost_filesystem-vc140-mt-sgd-x32-1_66.lib(codecvt_error_category.obj) : error LNK2001: неразрешенный внешний символ "__CrtDbgReportW"
libboost_system-vc140-mt-sgd-x32-1_66.lib(error_code.obj) : error LNK2001: неразрешенный внешний символ "__CrtDbgReportW"
libcpmtd.lib(StlCompareStringA.obj) : error LNK2001: неразрешенный внешний символ "__CrtDbgReportW"
libboost_filesystem-vc140-mt-sgd-x32-1_66.lib(path_traits.obj) : error LNK2001: неразрешенный внешний символ "__CrtDbgReportW"
libboost_filesystem-vc140-mt-sgd-x32-1_66.lib(path.obj) : error LNK2001: неразрешенный внешний символ "__CrtDbgReportW"
libboost_filesystem-vc140-mt-sgd-x32-1_66.lib(operations.obj) : error LNK2001: неразрешенный внешний символ "__CrtDbgReportW"
libcpmtd.lib(locale.obj) : error LNK2001: неразрешенный внешний символ "__CrtDbgReportW"
libcpmtd.lib(wlocale.obj) : error LNK2001: неразрешенный внешний символ "__CrtDbgReportW"
libcpmtd.lib(xlocale.obj) : error LNK2001: неразрешенный внешний символ "__CrtDbgReportW"
libcpmtd.lib(xmbtowc.obj) : error LNK2001: неразрешенный внешний символ "__CrtDbgReportW"
Utils.obj : error LNK2001: неразрешенный внешний символ "__CrtDbgReportW"
libcpmtd.lib(stdthrow.obj) : error LNK2001: неразрешенный внешний символ "__CrtDbgReportW"
libcpmtd.lib(syserror.obj) : error LNK2001: неразрешенный внешний символ "__CrtDbgReportW"
libcpmtd.lib(StlLCMapStringA.obj) : error LNK2001: неразрешенный внешний символ "__CrtDbgReportW"
base64.obj : error LNK2001: неразрешенный внешний символ "__CrtDbgReportW"
BotnetWin32.obj : error LNK2001: неразрешенный внешний символ "__CrtDbgReportW"
Connection.obj : error LNK2001: неразрешенный внешний символ "__CrtDbgReportW"
DirectoryTraversal.obj : error LNK2001: неразрешенный внешний символ "__CrtDbgReportW"
libboost_filesystem-vc140-mt-sgd-x32-1_66.lib(path.obj) : error LNK2001: неразрешенный внешний символ "__free_dbg"
libcpmtd.lib(wlocale.obj) : error LNK2001: неразрешенный внешний символ "__free_dbg"
libcpmtd.lib(xlocale.obj) : error LNK2001: неразрешенный внешний символ "__free_dbg"
libcpmtd.lib(xwcsxfrm.obj) : error LNK2001: неразрешенный внешний символ "__free_dbg"
libcpmtd.lib(StlCompareStringA.obj) : error LNK2001: неразрешенный внешний символ "__free_dbg"
BotnetWin32.obj : error LNK2001: неразрешенный внешний символ "__free_dbg"
libcpmtd.lib(locale0.obj) : error LNK2001: неразрешенный внешний символ "__free_dbg"
libcpmtd.lib(StlLCMapStringA.obj) : error LNK2001: неразрешенный внешний символ "__free_dbg"
libcpmtd.lib(locale.obj) : error LNK2001: неразрешенный внешний символ "__free_dbg"
libboost_filesystem-vc140-mt-sgd-x32-1_66.lib(path.obj) : error LNK2001: неразрешенный внешний символ "__malloc_dbg"
libcpmtd.lib(wlocale.obj) : error LNK2001: неразрешенный внешний символ "__malloc_dbg"
libcpmtd.lib(xlocale.obj) : error LNK2001: неразрешенный внешний символ "__malloc_dbg"
libcpmtd.lib(xwcsxfrm.obj) : error LNK2001: неразрешенный внешний символ "__malloc_dbg"
libcpmtd.lib(StlCompareStringA.obj) : error LNK2001: неразрешенный внешний символ "__malloc_dbg"
BotnetWin32.obj : error LNK2001: неразрешенный внешний символ "__malloc_dbg"
libcpmtd.lib(locale0.obj) : error LNK2001: неразрешенный внешний символ "__malloc_dbg"
libcpmtd.lib(StlLCMapStringA.obj) : error LNK2001: неразрешенный внешний символ "__malloc_dbg"
libcpmtd.lib(locale.obj) : error LNK2001: неразрешенный внешний символ "__malloc_dbg"
libcpmtd.lib(_tolower.obj) : error LNK2019: ссылка на неразрешенный внешний символ __calloc_dbg в функции __Getctype
libcpmtd.lib(locale.obj) : error LNK2001: неразрешенный внешний символ "__calloc_dbg"
libcpmtd.lib(wlocale.obj) : error LNK2001: неразрешенный внешний символ "__calloc_dbg"
libcpmtd.lib(xlocale.obj) : error LNK2001: неразрешенный внешний символ "__calloc_dbg"
libcpmtd.lib(_tolower.obj) : error LNK2019: ссылка на неразрешенный внешний символ __wcsdup_dbg в функции __Getctype
libcpmtd.lib(xstrcoll.obj) : error LNK2001: неразрешенный внешний символ "__wcsdup_dbg"
libcpmtd.lib(locale.obj) : error LNK2019: ссылка на неразрешенный внешний символ __realloc_dbg в функции "private: static void __cdecl std::locale::_Locimp::_Locimp_Addfac(class std::locale::_Locimp *,class std::locale::facet *,unsigned int)" (?_Locimp_Addfac@_Locimp@locale@std@@CAXPAV123@PAVfacet@23@I@Z)
C:\Users\Melni\Desktop\Spyke\BotnetWin32\Debug\BotnetWin32.exe : fatal error LNK1120: неразрешенных внешних элементов: 6
